Columns: ['clean_text', 'label']
                                          clean_text  label
0  assume nothing phrase perhaps one used first i...      1
1  plot derek zoolander male model also dumb impr...      1
2  actually fan original liveactiondisney flick n...      1
3  movie thats highly built truman show review bo...      1
4  good hunting two movie one independent take st...      1

Dataset size: 2000
Class distribution:
 label
1    1000
0    1000
Name: count, dtype: int64

Naive Bayes Results
Accuracy: 0.8125
              precision    recall  f1-score   support

           0       0.80      0.84      0.82       200
           1       0.83      0.79      0.81       200

    accuracy                           0.81       400
   macro avg       0.81      0.81      0.81       400
weighted avg       0.81      0.81      0.81       400


Logistic Regression Results
Accuracy: 0.845
              precision    recall  f1-score   support

    Negative       0.86      0.82      0.84       200
    Positive       0.83      0.86      0.85       200

    accuracy                           0.84       400
   macro avg       0.85      0.84      0.84       400
weighted avg       0.85      0.84      0.84       400


SVM Results
Accuracy: 0.85
              precision    recall  f1-score   support

    Negative       0.87      0.82      0.85       200
    Positive       0.83      0.88      0.85       200

    accuracy                           0.85       400
   macro avg       0.85      0.85      0.85       400
weighted avg       0.85      0.85      0.85       400

{'eval_loss': 0.6976751685142517, 'eval_accuracy': 0.5, 'eval_precision': 0.0, 'eval_recall': 0.0, 'eval_f1': 0.0, 'eval_runtime': 9.8871, 'eval_samples_per_second': 40.457, 'eval_steps_per_second': 5.057, 'epoch': 1.0}
{'eval_loss': 0.6930965185165405, 'eval_accuracy': 0.5, 'eval_precision': 0.0, 'eval_recall': 0.0, 'eval_f1': 0.0, 'eval_runtime': 10.6916, 'eval_samples_per_second': 37.413, 'eval_steps_per_second': 4.677, 'epoch': 2.0}
{'train_runtime': 357.0293, 'train_samples_per_second': 8.963, 'train_steps_per_second': 1.12, 'train_loss': 0.7012300109863281, 'epoch': 2.0}

BERT Results
{'eval_loss': 0.6930965185165405, 'eval_accuracy': 0.5, 'eval_precision': 0.0, 'eval_recall': 0.0, 'eval_f1': 0.0, 'eval_runtime': 10.6718, 'eval_samples_per_second': 37.482, 'eval_steps_per_second': 4.685, 'epoch': 2.0}
✅ Results saved to results.txt
