Columns: ['clean_text', 'label']
                                          clean_text  label
0  assume nothing phrase perhaps one used first i...      1
1  plot derek zoolander male model also dumb impr...      1
2  actually fan original liveactiondisney flick n...      1
3  movie thats highly built truman show review bo...      1
4  good hunting two movie one independent take st...      1

Dataset size: 2000
Class distribution:
 label
1    1000
0    1000
Name: count, dtype: int64

Naive Bayes Results
Accuracy: 0.8125
              precision    recall  f1-score   support

           0       0.80      0.84      0.82       200
           1       0.83      0.79      0.81       200

    accuracy                           0.81       400
   macro avg       0.81      0.81      0.81       400
weighted avg       0.81      0.81      0.81       400